<?xml version="1.0" encoding="UTF-8"?>
<testsuite name="citadels.DeckTest" tests="4" skipped="0" failures="0" errors="0" timestamp="2025-05-25T03:41:17.015Z" hostname="DESKTOP-6SOTHRK" time="0.009">
  <properties/>
  <testcase name="testAddCard()" classname="citadels.DeckTest" time="0.001"/>
  <testcase name="testDrawFromDeck()" classname="citadels.DeckTest" time="0.003"/>
  <testcase name="testDeckInitializationAndSize()" classname="citadels.DeckTest" time="0.001"/>
  <testcase name="testShuffle()" classname="citadels.DeckTest" time="0.0"/>
  <system-out><![CDATA[]]></system-out>
  <system-err><![CDATA[]]></system-err>
</testsuite>
