<?xml version="1.0" encoding="UTF-8"?>
<testsuite name="citadels.CharacterCardTest" tests="4" skipped="0" failures="0" errors="0" timestamp="2025-05-25T03:41:16.919Z" hostname="DESKTOP-6SOTHRK" time="0.056">
  <properties/>
  <testcase name="testToString()" classname="citadels.CharacterCardTest" time="0.045"/>
  <testcase name="testGetRank()" classname="citadels.CharacterCardTest" time="0.001"/>
  <testcase name="testCharacterCardProperties()" classname="citadels.CharacterCardTest" time="0.0"/>
  <testcase name="testEqualsAndHashCode()" classname="citadels.CharacterCardTest" time="0.005"/>
  <system-out><![CDATA[]]></system-out>
  <system-err><![CDATA[]]></system-err>
</testsuite>
