<?xml version="1.0" encoding="UTF-8"?>
<testsuite name="citadels.CharacterSelectorTest" tests="4" skipped="0" failures="0" errors="0" timestamp="2025-05-25T03:41:16.987Z" hostname="DESKTOP-6SOTHRK" time="0.026">
  <properties/>
  <testcase name="testDeterminePickOrder_CrownedPlayerFirst()" classname="citadels.CharacterSelectorTest" time="0.018"/>
  <testcase name="testDeterminePickOrder_CrownedPlayerLast()" classname="citadels.CharacterSelectorTest" time="0.001"/>
  <testcase name="testGetKilledAndRobbedRankPlaceholders()" classname="citadels.CharacterSelectorTest" time="0.002"/>
  <testcase name="testDeterminePickOrder_CrownedPlayerInMiddle()" classname="citadels.CharacterSelectorTest" time="0.0"/>
  <system-out><![CDATA[]]></system-out>
  <system-err><![CDATA[]]></system-err>
</testsuite>
